<?xml version="1.0" encoding="UTF-8"?>
<!-- Generated by org.testng.reporters.JUnitReportReporter -->
<testsuite hostname="nitesh-PC" failures="0" tests="4" name="testPack1510.PriorityInTestNG" time="0.018" errors="0" timestamp="2022-05-19T16:15:38 IST" skipped="2">
  <testcase classname="testPack1510.PriorityInTestNG" name="homepage" time="0.014"/>
  <system-out/>
  <testcase classname="testPack1510.PriorityInTestNG" name="facebookStory" time="0.004"/>
  <system-out/>
  <testcase classname="testPack1510.PriorityInTestNG" name="loginTofacebook">
    <skipped/>
  </testcase> <!-- loginTofacebook -->
  <system-out/>
  <testcase classname="testPack1510.PriorityInTestNG" name="launchTheBrowser">
    <skipped/>
  </testcase> <!-- launchTheBrowser -->
  <system-out/>
</testsuite> <!-- testPack1510.PriorityInTestNG -->
