<?xml version="1.0" encoding="UTF-8"?>
<!-- Generated by org.testng.reporters.JUnitReportReporter -->
<testsuite hostname="nitesh-PC" failures="0" tests="3" name="testPack1510.TestNG_RunProg" time="0.018" errors="0" timestamp="2022-05-23T15:20:26 IST" skipped="0">
  <testcase classname="testPack1510.TestNG_RunProg" name="testA" time="0.005"/>
  <system-out/>
  <testcase classname="testPack1510.TestNG_RunProg" name="testB" time="0.008"/>
  <system-out/>
  <testcase classname="testPack1510.TestNG_RunProg" name="testC" time="0.005"/>
  <system-out/>
</testsuite> <!-- testPack1510.TestNG_RunProg -->
