<?xml version="1.0" encoding="UTF-8"?>
<!-- Generated by org.testng.reporters.JUnitReportReporter -->
<testsuite hostname="nitesh-PC" failures="0" tests="2" name="testPack1510.PracticeTestNg" time="0.023" errors="0" timestamp="2022-05-17T12:15:13 IST" skipped="0">
  <testcase classname="testPack1510.PracticeTestNg" name="test2" time="0.006"/>
  <system-out/>
  <testcase classname="testPack1510.PracticeTestNg" name="test1" time="0.017"/>
  <system-out/>
</testsuite> <!-- testPack1510.PracticeTestNg -->
