<?xml version="1.0" encoding="UTF-8"?>
<!-- Generated by org.testng.reporters.JUnitReportReporter -->
<testsuite hostname="nitesh-PC" failures="0" tests="3" name="testPack1510.testNGclass2" time="0.022" errors="0" timestamp="2022-05-23T15:20:26 IST" skipped="0">
  <testcase classname="testPack1510.testNGclass2" name="test2A" time="0.013"/>
  <system-out/>
  <testcase classname="testPack1510.testNGclass2" name="test2C" time="0.004"/>
  <system-out/>
  <testcase classname="testPack1510.testNGclass2" name="test2B" time="0.005"/>
  <system-out/>
</testsuite> <!-- testPack1510.testNGclass2 -->
